<?xml version="1.0" encoding="UTF-8"?>
<TestRun id="7f538773-3a3b-4d42-bad6-8edd4ba30289" name="fabio@FABIO-PC 2012-08-18 17:37:30" runUser="fabio-PC\fabio" xmlns="http://microsoft.com/schemas/VisualStudio/TeamTest/2010">
  <TestSettings name="Local" id="9dc2b1cd-a6be-4f02-9dde-eaa2213693ba">
    <Description>These are default test settings for a local test run.</Description>
    <Deployment enabled="false" runDeploymentRoot="fabio_FABIO-PC 2012-08-18 17_37_30">
      <DeploymentItem filename="C:\Users\fabio\Desktop\TreinamentoArquiteturaSoftware\ExemplosModulo2\ExercicioDecorator\bin\Debug\ExercicioDecorator.dll" />
      <DeploymentItem filename="C:\Users\fabio\Desktop\TreinamentoArquiteturaSoftware\ExemplosModulo2\Decorator\bin\Debug\Decorator.dll" />
      <DeploymentItem filename="C:\Users\fabio\Desktop\TreinamentoArquiteturaSoftware\ExemplosModulo2\Command\bin\Debug\Command.dll" />
    </Deployment>
    <Execution>
      <TestTypeSpecific />
      <AgentRule name="Execution Agents">
      </AgentRule>
    </Execution>
  </TestSettings>
  <Times creation="2012-08-18T17:37:30.4374250-03:00" queuing="2012-08-18T17:37:40.4349969-03:00" start="2012-08-18T17:37:41.4310538-03:00" finish="2012-08-18T17:37:43.3811654-03:00" />
  <ResultSummary outcome="Completed">
    <Counters total="1" executed="1" passed="1" error="0" failed="0" timeout="0" aborted="0" inconclusive="0" passedButRunAborted="0" notRunnable="0" notExecuted="0" disconnected="0" warning="0" completed="0" inProgress="0" pending="0" />
  </ResultSummary>
  <TestDefinitions>
    <UnitTest name="FormatarTudoTest" storage="c:\users\fabio\desktop\treinamentoarquiteturasoftware\exemplosmodulo2\testeformatacao\bin\debug\testeformatacao.dll" id="f6296c6f-877d-b02b-3c98-2343a3c9e907">
      <Execution id="71341cd9-1f95-4825-a306-0967a33be77b" />
      <TestMethod codeBase="C:/Users/fabio/Desktop/TreinamentoArquiteturaSoftware/ExemplosModulo2/TesteFormatacao/bin/Debug/TesteFormatacao.DLL" adapterTypeName="Microsoft.VisualStudio.TestTools.TestTypes.Unit.UnitTestAdapter, Microsoft.VisualStudio.QualityTools.Tips.UnitTest.Adapter, Version=10.0.0.0, Culture=neutral, PublicKeyToken=b03f5f7f11d50a3a" className="TesteFormatacao.EditorTest, TesteFormatacao, Version=1.0.0.0, Culture=neutral, PublicKeyToken=null" name="FormatarTudoTest" />
    </UnitTest>
  </TestDefinitions>
  <TestLists>
    <TestList name="Results Not in a List" id="8c84fa94-04c1-424b-9868-57a2d4851a1d" />
    <TestList name="All Loaded Results" id="19431567-8539-422a-85d7-44ee4e166bda" />
  </TestLists>
  <TestEntries>
    <TestEntry testId="f6296c6f-877d-b02b-3c98-2343a3c9e907" executionId="71341cd9-1f95-4825-a306-0967a33be77b" testListId="8c84fa94-04c1-424b-9868-57a2d4851a1d" />
  </TestEntries>
  <Results>
    <UnitTestResult executionId="71341cd9-1f95-4825-a306-0967a33be77b" testId="f6296c6f-877d-b02b-3c98-2343a3c9e907" testName="FormatarTudoTest" computerName="FABIO-PC" duration="00:00:00.0496430" startTime="2012-08-18T17:37:41.5350598-03:00" endTime="2012-08-18T17:37:42.6501236-03:00" testType="13cdc9d9-ddb5-4fa4-a97d-d965ccfc6d4b" outcome="Passed" testListId="8c84fa94-04c1-424b-9868-57a2d4851a1d" relativeResultsDirectory="71341cd9-1f95-4825-a306-0967a33be77b">
      <Output>
        <StdOut>&lt;CENTER&gt;&lt;B&gt;Curso de Fundamentos em Arquitetura de Software&lt;\B&gt;&lt;\CENTER&gt;</StdOut>
      </Output>
    </UnitTestResult>
  </Results>
</TestRun>